0 info it worked if it ends with ok
1 verbose cli [ '/usr/bin/node', '/usr/bin/npm', 'install' ]
2 info using npm@1.4.28
3 info using node@v0.10.37
4 verbose node symlink /usr/bin/node
5 warn package.json msart@1.0.0 No README data
6 verbose readDependencies using package.json deps
7 verbose install where, deps [ '/home/zukas/repos/msart',
7 verbose install   [ 'body-parser',
7 verbose install     'connect',
7 verbose install     'connect-mongodb-session',
7 verbose install     'errorhandler',
7 verbose install     'express',
7 verbose install     'express-generator',
7 verbose install     'express-session',
7 verbose install     'method-override',
7 verbose install     'mongo',
7 verbose install     'morgan',
7 verbose install     'multer',
7 verbose install     'node-html-encoder',
7 verbose install     'serve-favicon',
7 verbose install     'swig' ] ]
8 info preinstall msart@1.0.0
9 verbose readDependencies using package.json deps
10 verbose already installed skipping body-parser@^1.9.0 /home/zukas/repos/msart
11 verbose already installed skipping connect@^3.3.3 /home/zukas/repos/msart
12 verbose already installed skipping connect-mongodb-session@^1.0.5 /home/zukas/repos/msart
13 verbose already installed skipping errorhandler@^1.2.0 /home/zukas/repos/msart
14 verbose already installed skipping express@^4.9.5 /home/zukas/repos/msart
15 verbose already installed skipping express-generator@^4.9.0 /home/zukas/repos/msart
16 verbose already installed skipping express-session@^1.9.1 /home/zukas/repos/msart
17 verbose already installed skipping method-override@^2.2.0 /home/zukas/repos/msart
18 verbose cache add [ 'mongo@^2.0.40', null ]
19 verbose cache add name=undefined spec="mongo@^2.0.40" args=["mongo@^2.0.40",null]
20 verbose parsed url { protocol: null,
20 verbose parsed url   slashes: null,
20 verbose parsed url   auth: null,
20 verbose parsed url   host: null,
20 verbose parsed url   port: null,
20 verbose parsed url   hostname: null,
20 verbose parsed url   hash: null,
20 verbose parsed url   search: null,
20 verbose parsed url   query: null,
20 verbose parsed url   pathname: 'mongo@^2.0.40',
20 verbose parsed url   path: 'mongo@^2.0.40',
20 verbose parsed url   href: 'mongo@^2.0.40' }
21 verbose already installed skipping morgan@^1.3.1 /home/zukas/repos/msart
22 verbose cache add name="mongo" spec="^2.0.40" args=["mongo","^2.0.40"]
23 verbose parsed url { protocol: null,
23 verbose parsed url   slashes: null,
23 verbose parsed url   auth: null,
23 verbose parsed url   host: null,
23 verbose parsed url   port: null,
23 verbose parsed url   hostname: null,
23 verbose parsed url   hash: null,
23 verbose parsed url   search: null,
23 verbose parsed url   query: null,
23 verbose parsed url   pathname: '^2.0.40',
23 verbose parsed url   path: '^2.0.40',
23 verbose parsed url   href: '^2.0.40' }
24 verbose addNamed [ 'mongo', '^2.0.40' ]
25 verbose addNamed [ null, '>=2.0.40-0 <3.0.0-0' ]
26 verbose already installed skipping multer@^0.1.4 /home/zukas/repos/msart
27 silly lockFile 8987f6a5-mongo-2-0-40 mongo@^2.0.40
28 verbose lock mongo@^2.0.40 /home/zukas/.npm/8987f6a5-mongo-2-0-40.lock
29 verbose already installed skipping node-html-encoder@0.0.2 /home/zukas/repos/msart
30 silly addNameRange { name: 'mongo', range: '>=2.0.40-0 <3.0.0-0', hasData: false }
31 verbose already installed skipping serve-favicon@^2.1.5 /home/zukas/repos/msart
32 verbose request where is /mongo
33 verbose request registry https://registry.npmjs.org/
34 verbose request id 565cbd1013826756
35 verbose url raw /mongo
36 verbose url resolving [ 'https://registry.npmjs.org/', './mongo' ]
37 verbose url resolved https://registry.npmjs.org/mongo
38 verbose request where is https://registry.npmjs.org/mongo
39 info trying registry request attempt 1 at 11:32:00
40 verbose etag "1EQVR9CFY1SGI9GEIPEDXVKNF"
41 http GET https://registry.npmjs.org/mongo
42 verbose already installed skipping swig@^1.4.2 /home/zukas/repos/msart
43 http 304 https://registry.npmjs.org/mongo
44 silly registry.get cb [ 304,
44 silly registry.get   { date: 'Sat, 03 Oct 2015 09:32:00 GMT',
44 silly registry.get     via: '1.1 varnish',
44 silly registry.get     'cache-control': 'max-age=60',
44 silly registry.get     etag: '"1EQVR9CFY1SGI9GEIPEDXVKNF"',
44 silly registry.get     age: '48',
44 silly registry.get     connection: 'keep-alive',
44 silly registry.get     'x-served-by': 'cache-fra1239-FRA',
44 silly registry.get     'x-cache': 'HIT',
44 silly registry.get     'x-cache-hits': '1',
44 silly registry.get     'x-timer': 'S1443864720.743981,VS0,VE0',
44 silly registry.get     vary: 'Accept' } ]
45 verbose etag https://registry.npmjs.org/mongo from cache
46 silly addNameRange number 2 { name: 'mongo', range: '>=2.0.40-0 <3.0.0-0', hasData: true }
47 silly addNameRange versions [ 'mongo', [ '0.1.0' ] ]
48 silly lockFile 8987f6a5-mongo-2-0-40 mongo@^2.0.40
49 silly lockFile 8987f6a5-mongo-2-0-40 mongo@^2.0.40
50 error notarget No compatible version found: mongo@'>=2.0.40-0 <3.0.0-0'
50 error notarget Valid install targets:
50 error notarget ["0.1.0"]
50 error notarget
50 error notarget This is most likely not a problem with npm itself.
50 error notarget In most cases you or one of your dependencies are requesting
50 error notarget a package version that doesn't exist.
51 error System Linux 3.19.0-30-generic
52 error command "/usr/bin/node" "/usr/bin/npm" "install"
53 error cwd /home/zukas/repos/msart
54 error node -v v0.10.37
55 error npm -v 1.4.28
56 error code ETARGET
57 verbose exit [ 1, true ]
